<?xml version="1.0" encoding="UTF-8"?>
<!-- Generated by org.testng.reporters.JUnitXMLReporter -->
<testsuite hostname="DESKTOP-L8RR3NI" ignored="0" name="Test" tests="4" failures="0" timestamp="2019-09-03T18:51:37 IST" time="88.814" errors="0">
  <testcase name="tc1" time="19.545" classname="testcases.TC_001"/>
  <testcase name="tc2" time="19.333" classname="testcases.TC_002"/>
  <testcase name="tc1" time="23.921" classname="testcases.TC_003"/>
  <testcase name="tc1" time="25.951" classname="testcases.TC_004"/>
</testsuite> <!-- Test -->
