<?xml version="1.0" encoding="UTF-8"?>
<testng-results skipped="0" failed="0" ignored="0" total="4" passed="4">
  <reporter-output>
  </reporter-output>
  <suite name="Suite" duration-ms="88814" started-at="2019-09-03T18:50:08 IST" finished-at="2019-09-03T18:51:37 IST">
    <groups>
    </groups>
    <test name="Test" duration-ms="88814" started-at="2019-09-03T18:50:08 IST" finished-at="2019-09-03T18:51:37 IST">
      <class name="testcases.TC_002">
        <test-method status="PASS" signature="tc2()[pri:0, instance:testcases.TC_002@3b0143d3]" name="tc2" duration-ms="19333" started-at="2019-09-03T18:50:27 IST" finished-at="2019-09-03T18:50:47 IST">
          <reporter-output>
          </reporter-output>
        </test-method> <!-- tc2 -->
      </class> <!-- testcases.TC_002 -->
      <class name="testcases.TC_001">
        <test-method status="PASS" signature="tc1()[pri:0, instance:testcases.TC_001@57536d79]" name="tc1" duration-ms="19545" started-at="2019-09-03T18:50:08 IST" finished-at="2019-09-03T18:50:27 IST">
          <reporter-output>
          </reporter-output>
        </test-method> <!-- tc1 -->
      </class> <!-- testcases.TC_001 -->
      <class name="testcases.TC_004">
        <test-method status="PASS" signature="tc1()[pri:0, instance:testcases.TC_004@4b4523f8]" name="tc1" duration-ms="25951" started-at="2019-09-03T18:51:11 IST" finished-at="2019-09-03T18:51:37 IST">
          <reporter-output>
          </reporter-output>
        </test-method> <!-- tc1 -->
      </class> <!-- testcases.TC_004 -->
      <class name="testcases.TC_003">
        <test-method status="PASS" signature="tc1()[pri:0, instance:testcases.TC_003@5a8e6209]" name="tc1" duration-ms="23921" started-at="2019-09-03T18:50:47 IST" finished-at="2019-09-03T18:51:11 IST">
          <reporter-output>
          </reporter-output>
        </test-method> <!-- tc1 -->
      </class> <!-- testcases.TC_003 -->
    </test> <!-- Test -->
  </suite> <!-- Suite -->
</testng-results>
